<?xml version="1.0" encoding="UTF-8"?>
<testng-results ignored="0" total="1" passed="1" failed="0" skipped="0">
  <reporter-output>
  </reporter-output>
  <suite started-at="2024-06-04T14:54:22 IST" name="Default suite" finished-at="2024-06-04T14:54:22 IST" duration-ms="68">
    <groups>
    </groups>
    <test started-at="2024-06-04T14:54:22 IST" name="Default test" finished-at="2024-06-04T14:54:22 IST" duration-ms="68">
      <class name="com.tka.basic.BasicTest">
        <test-method signature="ab1()[pri:2, instance:com.tka.basic.BasicTest@6cd28fa7]" started-at="2024-06-04T14:54:22 IST" name="ab1" finished-at="2024-06-04T14:54:22 IST" duration-ms="9" status="PASS">
          <reporter-output>
          </reporter-output>
        </test-method> <!-- ab1 -->
      </class> <!-- com.tka.basic.BasicTest -->
    </test> <!-- Default test -->
  </suite> <!-- Default suite -->
</testng-results>
