<?xml version="1.0" encoding="UTF-8"?>
<!-- Generated by org.testng.reporters.JUnitXMLReporter -->
<testsuite ignored="2" hostname="DESKTOP-1TP3G9S" failures="0" tests="5" name="Test" time="0.08" errors="0" timestamp="2024-06-04T14:50:33 IST">
  <testcase classname="com.tka.basic.BasicTest" name="testCase3" time="0.012"/>
  <testcase classname="com.tka.basic.BasicTest" name="baxy1" time="0.002"/>
  <testcase classname="com.tka.basic.BasicTest" name="ab1" time="0.001"/>
  <testcase classname="com.tka.basic.LoginTest" name="usernameTest" time="0.001"/>
  <testcase classname="com.tka.signup.SignUp" name="fnameTest" time="0.002"/>
  <testcase classname="com.tka.signup.SignUp" name="genderTest" time="0.0">
    <ignored/>
  </testcase> <!-- genderTest -->
  <testcase classname="com.tka.signup.SignUp" name="lnameTest" time="0.0">
    <ignored/>
  </testcase> <!-- lnameTest -->
</testsuite> <!-- Test -->
