<?xml version="1.0" encoding="UTF-8"?>
<!-- Generated by org.testng.reporters.JUnitXMLReporter -->
<testsuite ignored="2" hostname="DESKTOP-1TP3G9S" failures="0" tests="1" name="Default test" time="0.068" errors="0" timestamp="2024-06-04T14:54:22 IST">
  <testcase classname="com.tka.basic.BasicTest" name="ab1" time="0.009"/>
  <testcase classname="com.tka.basic.BasicTest" name="baxy1" time="0.0">
    <ignored/>
  </testcase> <!-- baxy1 -->
  <testcase classname="com.tka.basic.BasicTest" name="testCase3" time="0.0">
    <ignored/>
  </testcase> <!-- testCase3 -->
</testsuite> <!-- Default test -->
